Arguments: 
  C:\Program Files\nodejs\node.exe C:\Users\NomRo\.yarn\releases\yarn-1.22.4.js install

PATH: 
  C:\Program Files (x86)\Common Files\Oracle\Java\javapath;C:\oraclexe\app\oracle\product\11.2.0\server\bin;C:\ProgramData\Oracle\Java\javapath;C:\WINDOWS\system32;C:\WINDOWS;C:\WINDOWS\System32\Wbem;C:\WINDOWS\System32\WindowsPowerShell\v1.0\;C:\Program Files (x86)\Microsoft SQL Server\110\Tools\Binn\;C:\Program Files (x86)\Microsoft SQL Server\110\DTS\Binn\;C:\Program Files (x86)\Microsoft SQL Server\110\Tools\Binn\ManagementStudio\;C:\Program Files (x86)\Microsoft Visual Studio 10.0\Common7\IDE\PrivateAssemblies\;C:\WINDOWS\System32\OpenSSH\;C:\Gradle\gradle-5.4.1\bin;C:\server\php;C:\host\php;C:\composer;C:\Program Files (x86)\Yarn\bin\;C:\Gradle\gradle-5.6.2\bin;C:\Program Files\Dart\dart-sdk\bin;C:\ProgramData\chocolatey\bin;C:\Users\NomRo\AppData\Roaming\nvm;C:\Program Files\nodejs;C:\Program Files (x86)\Common Files\Adobe\AGL;C:\Program Files (x86)\2JPEG;C:\Program Files\k6\;C:\Program Files\nodejs\;%QUARTUS_ROOTDIR%\bin;C:\Program Files\Git\cmd;C:\Program Files\Go\bin;C:\Users\NomRo\AppData\Local\Programs\Python\Python37-32\Scripts\;C:\Users\NomRo\AppData\Local\Programs\Python\Python37-32\;C:\Users\NomRo\AppData\Local\Programs\Python\Python38-32\Scripts\;C:\Users\NomRo\AppData\Local\Programs\Python\Python38-32\;C:\Users\NomRo\AppData\Local\Microsoft\WindowsApps;C:\Program Files\heroku\bin;C:\Users\NomRo\AppData\Roaming\Composer\vendor\bin;C:\Users\NomRo\AppData\Local\Programs\Microsoft VS Code\bin;C:\Users\NomRo\AppData\Local\atom\bin;C:\Users\NomRo\AppData\Local\Yarn\bin;C:\flutter\bin;G:\Flutter\flutter\bin;C:\Users\NomRo\composer;C:\Users\NomRo\AppData\Roaming\nvm;C:\Program Files\nodejs;C:\Program Files\MongoDB\Server\4.2\bin;C:\Users\NomRo\AppData\Local\hyper\app-3.0.2\resources\bin;C:\Program Files\CodeBlocks\MinGW\bin;C:\wamp64\bin\php\php7.3.5;C:\Users\NomRo\AppData\Local\GitHubDesktop\bin;C:\wamp64\bin\mysql\mysql5.7.26\bin;C:\Program Files (x86)\2JPEG;C:\Users\NomRo\AppData\Roaming\npm;C:\Users\NomRo\go\bin

Yarn version: 
  1.22.4

Node version: 
  16.4.2

Platform: 
  win32 x64

Trace: 
  Error: connect ECONNABORTED 104.16.18.35:443
      at TCPConnectWrap.afterConnect [as oncomplete] (node:net:1132:16)

npm manifest: 
  {
    "main": "node_modules/expo/AppEntry.js",
    "scripts": {
      "start": "expo start",
      "android": "expo start --android",
      "ios": "expo start --ios",
      "web": "expo start --web",
      "eject": "expo eject"
    },
    "dependencies": {
      "expo": "~43.0.2",
      "expo-status-bar": "~1.1.0",
      "react": "17.0.1",
      "react-dom": "17.0.1",
      "react-native": "0.64.3",
      "react-native-web": "0.17.1"
    },
    "devDependencies": {
      "@babel/core": "^7.12.9"
    },
    "private": true
  }

yarn manifest: 
  No manifest

Lockfile: 
  No lockfile
